2 3 
1 2 4 8 
1 2 6 9 
4 7 13 20 24 25 39 47 49 
1 33 34 
1 2 4 8 
1 2 4 8 13 
1 2 4 8 13 21 
1 2 4 9 18 22 28 
1 2 5 10 16 23 33 35 
1 2 6 13 26 28 36 42 45 
1 4 10 18 20 33 40 44 45 
6 9 15 23 25 38 45 49 50 
1 2 4 11 17 22 36 44 48 
1 
1 2 
1 2 
1 3 
2 3 
1 2 4 8 13 21 31 
2 6 7 24 38 40 50 
1 2 4 8 13 21 
2 21 22 31 36 43 
1 2 4 8 13 
13 25 38 43 44 
1 2 4 8 
1 2 4 8 16 21 32 42 
10 12 22 29 35 40 43 44 
10 11 14 19 25 32 42 44 
1 3 4 
2 3 5 
2 5 
3 4 6 
1 3 7 8 
3 5 6 
4 5 9 11 
7 10 11 
4 9 10 
9 11 
4 6 9 15 16 
11 17 
1 2 9 14 18 
6 14 18 19 
8 9 11 16 20 
7 15 19 
1 18 
9 11 17 22 
4 6 16 21 24 25 
4 8 15 17 23 
6 10 19 24 25 27 
9 11 16 24 27 28 
2 3 7 9 19 27 30 
23 30 
13 17 26 29 31 
1 9 11 25 
6 12 22 26 29 31 
2 10 23 24 26 30 35 
19 23 30 31 
7 8 10 18 25 30 34 
1 5 11 22 23 31 36 38 
40 
33 35 39 
1 2 4 27 38 
13 21 22 32 36 38 
1 4 10 17 21 22 36 44 46 
4 7 27 31 39 44 46 
1 2 4 8 13 21 
5 11 16 30 38 45 47 48 
