13 17
15 17
15 17
13 18
15 18
15 18
12 18
15 18
15 18
19 11
19 11
19 7
19 0
19 0
19 11
19 11
19 7
19 0
19 0
11 11
11 11
11 7
11 0
11 0
0 11
0 11
0 7
0 0
0 0
0 11
0 11
0 7
0 0
0 0
54 0
42 44
0 0
0 29
0 0
41 0
0 4
0 0
0 0
0 35
0 0
0 0
33 0
0 0
14 0
0 93
0 0
0 2
0 0
0 43
5 0
0 17
25 0
19 0
4 5
0 0
0 32
0 0
3 0
50 0
55 39
30 10
0 35
0 0
10 0
40 0
0 26
0 32
20 0
0 0
0 0
10 1
0 0
0 16
0 3
0 0
28 0
46 22
7 0
40 17
1 23
13 86
30 0
20 0
0 0
0 1
30 7
0 76
26 0
0 0
81 40
15 0
0 0
0 9
6 0
64 22
