49
199
1156
1176
0
416
416
11716
13692
59256
61773
48294
48858
7276
77424
30843
41414
28359
55216
11700
32625
24767
33506
45715
50911
55328
52700
16154
48694
40464
20626
15910
21310
44800
41107
54248
27913
25636
42332
43350
5013
17770
50082
43288
30029
27798
16245
28994
25008
28084
32944
66410
51768
39630
39170
21023
9202
53281
44352
53265
47628
58140
71204
59811
51363
40248
56259
85084
32972
42004
37860
59178
17840
39091
28533
19996
56550
51760
15198
58416
67381
13182
31996
43404
25970
68508
65382
37738
9423
72762
69509
50445
12061
6011
73656
54067
56139
27116
9380
17599
